{"D:\\Git\\income-tax\\src\\income-tax-calculator.ts": {"path":"D:\\Git\\income-tax\\src\\income-tax-calculator.ts","statementMap":{"0":{"start":{"line":1,"column":0},"end":{"line":1,"column":57}},"1":{"start":{"line":2,"column":0},"end":{"line":2,"column":69}},"2":{"start":{"line":3,"column":0},"end":{"line":3,"column":69}},"3":{"start":{"line":4,"column":0},"end":{"line":4,"column":36}},"4":{"start":{"line":5,"column":0},"end":{"line":5,"column":2}},"5":{"start":{"line":6,"column":0},"end":{"line":6,"column":2}},"6":{"start":{"line":7,"column":0},"end":{"line":7,"column":34}},"7":{"start":{"line":8,"column":0},"end":{"line":8,"column":48}},"8":{"start":{"line":9,"column":0},"end":{"line":9,"column":23}},"9":{"start":{"line":10,"column":0},"end":{"line":10,"column":0}},"10":{"start":{"line":11,"column":0},"end":{"line":11,"column":26}},"11":{"start":{"line":12,"column":0},"end":{"line":12,"column":51}},"12":{"start":{"line":13,"column":0},"end":{"line":13,"column":5}},"13":{"start":{"line":14,"column":0},"end":{"line":14,"column":0}},"14":{"start":{"line":15,"column":0},"end":{"line":15,"column":46}},"15":{"start":{"line":16,"column":0},"end":{"line":16,"column":45}},"16":{"start":{"line":17,"column":0},"end":{"line":17,"column":5}},"17":{"start":{"line":18,"column":0},"end":{"line":18,"column":0}},"18":{"start":{"line":19,"column":0},"end":{"line":19,"column":26}},"19":{"start":{"line":20,"column":0},"end":{"line":20,"column":45}},"20":{"start":{"line":21,"column":0},"end":{"line":21,"column":5}},"21":{"start":{"line":22,"column":0},"end":{"line":22,"column":0}},"22":{"start":{"line":23,"column":0},"end":{"line":23,"column":20}},"23":{"start":{"line":24,"column":0},"end":{"line":24,"column":3}},"24":{"start":{"line":25,"column":0},"end":{"line":25,"column":1}}},"s":{"0":1,"1":1,"2":1,"3":1,"4":1,"5":1,"6":3,"7":3,"8":3,"9":3,"10":3,"11":1,"12":1,"13":3,"14":3,"15":2,"16":2,"17":3,"18":3,"19":1,"20":1,"21":3,"22":3,"23":3,"24":3},"branchMap":{"0":{"type":"branch","line":25,"loc":{"start":{"line":25,"column":1},"end":{"line":25,"column":1}},"locations":[{"start":{"line":25,"column":1},"end":{"line":25,"column":1}}]},"1":{"type":"branch","line":7,"loc":{"start":{"line":7,"column":0},"end":{"line":25,"column":1}},"locations":[{"start":{"line":7,"column":0},"end":{"line":25,"column":1}}]},"2":{"type":"branch","line":7,"loc":{"start":{"line":7,"column":0},"end":{"line":25,"column":1}},"locations":[{"start":{"line":7,"column":0},"end":{"line":25,"column":1}}]},"3":{"type":"branch","line":8,"loc":{"start":{"line":8,"column":2},"end":{"line":24,"column":3}},"locations":[{"start":{"line":8,"column":2},"end":{"line":24,"column":3}}]},"4":{"type":"branch","line":11,"loc":{"start":{"line":11,"column":25},"end":{"line":13,"column":5}},"locations":[{"start":{"line":11,"column":25},"end":{"line":13,"column":5}}]},"5":{"type":"branch","line":15,"loc":{"start":{"line":15,"column":45},"end":{"line":17,"column":5}},"locations":[{"start":{"line":15,"column":45},"end":{"line":17,"column":5}}]},"6":{"type":"branch","line":19,"loc":{"start":{"line":19,"column":25},"end":{"line":21,"column":5}},"locations":[{"start":{"line":19,"column":25},"end":{"line":21,"column":5}}]}},"b":{"0":[1],"1":[1],"2":[3],"3":[3],"4":[1],"5":[2],"6":[1]},"fnMap":{"0":{"name":"IncomeTaxCalculator","decl":{"start":{"line":7,"column":0},"end":{"line":25,"column":1}},"loc":{"start":{"line":7,"column":0},"end":{"line":25,"column":1}},"line":7},"1":{"name":"IncomeTaxCalculator.getIncomeTax","decl":{"start":{"line":8,"column":2},"end":{"line":24,"column":3}},"loc":{"start":{"line":8,"column":2},"end":{"line":24,"column":3}},"line":8}},"f":{"0":3,"1":3}}
}
