TN:
SF:src\income-tax-calculator.ts
FN:7,IncomeTaxCalculator
FN:8,IncomeTaxCalculator.getIncomeTax
FNF:2
FNH:2
FNDA:3,IncomeTaxCalculator
FNDA:3,IncomeTaxCalculator.getIncomeTax
DA:1,1
DA:2,1
DA:3,1
DA:4,1
DA:5,1
DA:6,1
DA:7,3
DA:8,3
DA:9,3
DA:10,3
DA:11,3
DA:12,1
DA:13,1
DA:14,3
DA:15,3
DA:16,1
DA:17,1
DA:18,3
DA:19,3
DA:20,1
DA:21,1
DA:22,3
DA:23,3
DA:24,3
DA:25,3
LF:25
LH:25
BRDA:25,0,0,1
BRDA:7,1,0,1
BRDA:7,2,0,3
BRDA:8,3,0,3
BRDA:11,4,0,1
BRDA:15,5,0,2
BRDA:15,6,0,1
BRDA:19,7,0,1
BRF:8
BRH:8
end_of_record
